\# Program start time UTC 2015.11.17 17:58:23.916
\# Local time Tuesday 17 November 2015, 12:58 pm
\o Program:		@(#)$CDS: virtuoso version 6.1.6-64b 10/30/2014 22:43 (sjfnl172) $
\o Hierarchy:		/home/strogos/cadence/installs/IC616/tools.lnx86/dfII/
\o Sub version:		sub-version  IC6.1.6-64b.500.9  (64-bit addresses)
\# Command line:	/home/strogos/cadence/installs/IC616/tools.lnx86/dfII/bin/64bit/virtuoso -noautostart -mpssession virtuoso21327 -mpshost vm-centos7 -davinciService DaVinciService_21327_1447783099 -log /home/strogos/cadence/workspace/7814EFT-semester-project/eda/logs_strogos/logs0/Job0.log -licenseLockFileName /home/strogos/cadence/workspace/7814EFT-semester-project/eda/.tmp_strogos/.vm-centos7_21327 -nograph -nostdin -axlChildIdFlag 0
\# Host name (type):	vm-centos7 (x86_64)
\# Operating system:	Linux 3.10.0-229.20.1.el7.x86_64 #1 SMP Tue Nov 3 19:10:07 UTC 2015
\# Linux /etc/issue:	\S
\# Linux /etc/issue:	Kernel \r on an \m
\# X display name (WxH):	vm-centos7:80 (1024x868)
\# Available geometry:			TL(0:0) BR(1023:867)
\# X server:			RealVNC Ltd (VNC nograph server, PID 21616)
\# Depth of Visual (Root):	16 (16)
\# Number of Planes Used:	16
\# X version:		11.0 (vendor release 3370)
\# X resource pool:	base 0x800000, mask 0x3fffff (4194303), shift 0
\# 			current id 0x0, current max 0x3ffffa (4194298)
\# Max data seg size:	     unlimited
\# Max process size:	     unlimited
\# Initial sbrk value:	        319 MB
\# Available memory:	      3,850 MB
\# System memory:	      5,993 MB
\# Maximum memory size:	      5,739 MB
\# Max mem available:	      3,914 MB
\# Initial memory used:	         64 MB
\#        process size:	        729 MB
\# Qt version:		4.7.2
\# Window Manager:	other
\# User Name:		strogos
\o Working Directory:	vm-centos7:/home/strogos/cadence/workspace/7814EFT-semester-project/eda
\# Process Id:		21629
\o 
\o COPYRIGHT © 1992-2014  CADENCE DESIGN SYSTEMS INC.  ALL RIGHTS RESERVED.
\o           © 1992-2014  UNIX SYSTEMS Laboratories INC.,
\o                          Reproduced with permission.
\o 
\o This Cadence Design Systems program and online documentation are
\o proprietary/confidential information and may be disclosed/used only
\o as authorized in a license agreement controlling such use and disclosure.
\o 
\o           RESTRICTED RIGHTS NOTICE (SHORT FORM)
\o Use/reproduction/disclosure is subject to restriction
\o set forth at FAR 1252.227-19 or its equivalent.
\o Loading geView.cxt 
\o Loading menuBuilder.cxt 
\o Loading schView.cxt 
\o Loading selectSv.cxt 
\o Loading LVS.cxt 
\o Loading layerProc.cxt 
\o Loading pte2.cxt 
\o Loading xlUI.cxt 
\o Loading auCore.cxt 
\o Loading vhdl.cxt 
\o Loading seismic.cxt 
\o Loading ci.cxt 
\o Loading ams.cxt 
\o Loading oasis.cxt 
\o Loading analog.cxt 
\o Loading asimenv.cxt 
\o Loading par.cxt 
\o Loading socket.cxt 
\o Loading alvs.cxt 
\o Loading awv.cxt 
\o Loading adexl.cxt 
\o *Info*    Exporting services from client ... 
\o 
\# Memory report: using         168 MB, process size 958 MB at UTC 2015.11.17 17:58:25.346
\o END OF USER CUSTOMIZATION
\o //
\o //  Calibre Skill Interface * (v2011.3_18.12) *
\o //
\o //                 Copyright Mentor Graphics Corporation 2005
\o //                             All Rights Reserved.
\o //         THIS WORK CONTAINS TRADE SECRET AND PROPRIETARY INFORMATION
\o //            WHICH IS THE PROPERTY OF MENTOR GRAPHICS CORPORATION
\o //              OR ITS LICENSORS AND IS SUBJECT TO LICENSE TERMS.
\o //
\o //
\o *Info*    Client has finished starting ... 
\o 
\p > 
\o 
\o 
\o *Info*    Configuring the session ...
\o 
\o 	Library      = ACMOS1
\o 	Cell         = tb_ota_pmos_stb
\o 	View         = schematic
\o 	Simulator    = spectre
\o 	State Path   = $AXL_SETUPDB_DIR/test_states
\o 	State Name   = ACMOS1:tb_ota_pmos_stb:1_state_stb_Interactive.28
\o 	Results DB   = /home/strogos/cadence/workspace/7814EFT-semester-project/eda/ACMOS1/ota_pmos/adexl/results/data/Interactive.28.rdb
\o 	Results Dir  = /home/strogos/simulation/ACMOS1/ota_pmos/adexl/results/data/Interactive.28/1/ACMOS1:tb_ota_pmos_stb:1
\o 	Results Loc  = /home/strogos/simulation/ACMOS1/ota_pmos/adexl/results/data
\o 	Project Dir  = /home/strogos/simulation
\o 	Setup DB loc = /home/strogos/cadence/workspace/7814EFT-semester-project/eda/ACMOS1/ota_pmos/adexl
\o 	File Encoding = 0
\o 
\o 
\o Loading simui.cxt 
\o Loading viva.cxt 
\o *Info*    Spectre controlMode is set "batch".
\o 
\o Loading spectrei.cxt 
\o Loading devCheck.cxt 
\o Loading relXpert.cxt 
\o Loading gpdk090/libInit.il ...
\o 	Loading gpdk090/loadCxt.ile ... done!
\o 	Loading context 'gpdk090' from library 'gpdk090' ... done!
\o 	Loading context 'pdkUtils' from library 'gpdk090' ... done!
\o 	Loading gpdk090/display.drf ... done!
\e 	Loading gpdk090/gpdk090_customFilter.il ... *Error* axlRegisterCustomDeviceFilter: too few arguments (2 expected, 0 given) - nil
\o failed!
\o 	Loading gpdk090/.simrc ... done!
\o 	Loading gpdk090/libInitCustomExit.il ... 	Loading Environment Settings ...
\w *WARNING* envSetVal: Can't set the value of variable 'extractVerifySubstrate',
\w 	in tool[.partition] 'layout' - it has not been registered.
\o 	Loading Model Management File ...
\o Loading hspiceD.cxt 
\o Loading spectreinl.cxt 
\o Loading UltraSim.cxt 
\o Loading msgHandler.cxt 
\o Loading AMSOSS.cxt 
\o Loading AMS.cxt 
\o 	Loading gpdk090/gpdk090_PDKRegistrations.il ... done!
\o 
\o   *************************************************************           
\o   *              Cadence Design Systems, Inc.                 *           
\o   *                                                           *           
\o   *                    Generic 90nm PDK                       *           
\o   *                        (gpdk090)                          *           
\o   *                                                           *           
\o   *************************************************************           
\o 	
\o 
\o 	Version : 4.6
\o 
\o 	Build date: 10-FEB-2011
\o 
\o done!
\o Failed to load gpdk090/libInit.il successfully!WARNING (ADE-5033): Cannot find the environment variable 'sweeptype' for tool 'ams.hbsp'.
\o         Its internal default value will be used.
\o WARNING (ADE-5034): Unable to access the default environment variables in the simulator's
\o         global .cdsenv file ('<your_install_dir>/tools/dfII/etc/tools/ams/.cdsenv')
\o         because the file is missing or out-of-date. Till this problem exists, internal
\o         default values will be used for these environment variables during this session.
\o WARNING (ADE-5033): Cannot find the environment variable 'rangeType' for tool 'ams.hbsp'.
\o         Its internal default value will be used.
\o WARNING (ADE-5033): Cannot find the environment variable 'noisetypeUI' for tool 'ams.hbnoise'.
\o         Its internal default value will be used.
\o WARNING (ADE-5033): Cannot find the environment variable 'MultiEna' for tool 'ams.hbnoise'.
\o         Its internal default value will be used.
\o WARNING (ADE-5033): Cannot find the environment variable 'rangeType' for tool 'ams.hbnoise'.
\o         Its internal default value will be used.
\o WARNING (ADE-5033): Cannot find the environment variable 'sbsm' for tool 'ams.hbnoise'.
\o         Its internal default value will be used.
\o WARNING (ADE-5033): Cannot find the environment variable 'inType' for tool 'ams.hbnoise'.
\o         Its internal default value will be used.
\o WARNING (ADE-5033): Cannot find the environment variable 'refsbSelect' for tool 'ams.hbnoise'.
\o         Its internal default value will be used.
\o WARNING (ADE-5033): Cannot find the environment variable 'outType' for tool 'ams.hbnoise'.
\o         Its internal default value will be used.
\o WARNING (ADE-5033): Cannot find the environment variable 'donoise' for tool 'ams.hbnoise'.
\o         Its internal default value will be used.
\o WARNING (ADE-5033): Cannot find the environment variable 'special' for tool 'ams.hbac'.
\o         Its internal default value will be used.
\o WARNING (ADE-5033): Cannot find the environment variable 'rangeType' for tool 'ams.hbac'.
\o         Its internal default value will be used.
\o WARNING (ADE-5033): Cannot find the environment variable 'sbsm' for tool 'ams.hbac'.
\o         Its internal default value will be used.
\o WARNING (ADE-5033): Cannot find the environment variable 'dynParamB' for tool 'ams.hb'.
\o         Its internal default value will be used.
\o WARNING (ADE-5033): Cannot find the environment variable 'tones' for tool 'ams.hb'.
\o         Its internal default value will be used.
\o WARNING (ADE-5033): Cannot find the environment variable 'oscana' for tool 'ams.hb'.
\o         Its internal default value will be used.
\o WARNING (ADE-5033): Cannot find the environment variable 'HBTonesNum' for tool 'ams.hb'.
\o         Its internal default value will be used.
\o WARNING (ADE-5033): Cannot find the environment variable 'multiDividerMode' for tool 'ams.hb'.
\o         Its internal default value will be used.
\o WARNING (ADE-5033): Cannot find the environment variable 'harmonicsCyc' for tool 'ams.hb'.
\o         Its internal default value will be used.
\o WARNING (ADE-5033): Cannot find the environment variable 'harmonics' for tool 'ams.hb'.
\o         Its internal default value will be used.
\o WARNING (ADE-5033): Cannot find the environment variable 'sigpartB' for tool 'ams.hb'.
\o         Its internal default value will be used.
\o WARNING (ADE-5033): Cannot find the environment variable 'hbhomotopy' for tool 'ams.hb'.
\o         Its internal default value will be used.
\o WARNING (ADE-5033): Cannot find the environment variable 'sweepB' for tool 'ams.hb'.
\o         Its internal default value will be used.
\o WARNING (ADE-5033): Cannot find the environment variable 'sweep' for tool 'ams.hb'.
\o         Its internal default value will be used.
\o WARNING (ADE-5033): Cannot find the environment variable 'sweep2' for tool 'ams.hb'.
\o         Its internal default value will be used.
\o WARNING (ADE-5033): Cannot find the environment variable 'sweep3' for tool 'ams.hb'.
\o         Its internal default value will be used.
\o WARNING (ADE-5033): Cannot find the environment variable 'loadpullB' for tool 'ams.hb'.
\o         Its internal default value will be used.
\o WARNING (ADE-5033): Cannot find the environment variable 'lsspB' for tool 'ams.hb'.
\o         Its internal default value will be used.
\o WARNING (ADE-5033): Cannot find the environment variable 'compressionB' for tool 'ams.hb'.
\o         Its internal default value will be used.
\o WARNING (ADE-5033): Cannot find the environment variable 'sweeptype' for tool 'ams.qpsp'.
\o         Its internal default value will be used.
\o WARNING (ADE-5033): Cannot find the environment variable 'rangeType' for tool 'ams.qpsp'.
\o         Its internal default value will be used.
\o WARNING (ADE-5033): Cannot find the environment variable 'rangeType' for tool 'ams.qpxf'.
\o         Its internal default value will be used.
\o WARNING (ADE-5033): Cannot find the environment variable 'sbsm' for tool 'ams.qpxf'.
\o         Its internal default value will be used.
\o WARNING (ADE-5033): Cannot find the environment variable 'outType' for tool 'ams.qpxf'.
\o         Its internal default value will be used.
\o WARNING (ADE-5033): Cannot find the environment variable 'MultiEna' for tool 'ams.qpnoise'.
\o         Its internal default value will be used.
\o WARNING (ADE-5033): Cannot find the environment variable 'rangeType' for tool 'ams.qpnoise'.
\o         Its internal default value will be used.
\o WARNING (ADE-5033): Cannot find the environment variable 'sbsm' for tool 'ams.qpnoise'.
\o         Its internal default value will be used.
\o WARNING (ADE-5033): Cannot find the environment variable 'inType' for tool 'ams.qpnoise'.
\o         Its internal default value will be used.
\o WARNING (ADE-5033): Cannot find the environment variable 'refsbSelect' for tool 'ams.qpnoise'.
\o         Its internal default value will be used.
\o WARNING (ADE-5033): Cannot find the environment variable 'outType' for tool 'ams.qpnoise'.
\o         Its internal default value will be used.
\o WARNING (ADE-5033): Cannot find the environment variable 'rangeType' for tool 'ams.qpac'.
\o         Its internal default value will be used.
\o WARNING (ADE-5033): Cannot find the environment variable 'sbsm' for tool 'ams.qpac'.
\o         Its internal default value will be used.
\o WARNING (ADE-5033): Cannot find the environment variable 'sweeptype' for tool 'ams.psp'.
\o         Its internal default value will be used.
\o WARNING (ADE-5033): Cannot find the environment variable 'rangeType' for tool 'ams.psp'.
\o         Its internal default value will be used.
\o WARNING (ADE-5033): Cannot find the environment variable 'special' for tool 'ams.pxf'.
\o         Its internal default value will be used.
\o WARNING (ADE-5033): Cannot find the environment variable 'outType' for tool 'ams.pxf'.
\o         Its internal default value will be used.
\o WARNING (ADE-5033): Cannot find the environment variable 'rangeType' for tool 'ams.pxf'.
\o         Its internal default value will be used.
\o WARNING (ADE-5033): Cannot find the environment variable 'harmonics' for tool 'ams.pxf'.
\o         Its internal default value will be used.
\o WARNING (ADE-5033): Cannot find the environment variable 'noisetypeUI' for tool 'ams.pnoise'.
\o         Its internal default value will be used.
\o WARNING (ADE-5033): Cannot find the environment variable 'MultiEna' for tool 'ams.pnoise'.
\o         Its internal default value will be used.
\o WARNING (ADE-5033): Cannot find the environment variable 'rangeType' for tool 'ams.pnoise'.
\o         Its internal default value will be used.
\o WARNING (ADE-5033): Cannot find the environment variable 'harmonics' for tool 'ams.pnoise'.
\o         Its internal default value will be used.
\o WARNING (ADE-5033): Cannot find the environment variable 'pnoisemethod' for tool 'ams.pnoise'.
\o         Its internal default value will be used.
\o WARNING (ADE-5033): Cannot find the environment variable 'inType' for tool 'ams.pnoise'.
\o         Its internal default value will be used.
\o WARNING (ADE-5033): Cannot find the environment variable 'refsbSelect' for tool 'ams.pnoise'.
\o         Its internal default value will be used.
\o WARNING (ADE-5033): Cannot find the environment variable 'outType' for tool 'ams.pnoise'.
\o         Its internal default value will be used.
\o WARNING (ADE-5033): Cannot find the environment variable 'rangeType' for tool 'ams.pstb'.
\o         Its internal default value will be used.
\o WARNING (ADE-5033): Cannot find the environment variable 'special' for tool 'ams.pac'.
\o         Its internal default value will be used.
\o WARNING (ADE-5033): Cannot find the environment variable 'rangeType' for tool 'ams.pac'.
\o         Its internal default value will be used.
\o WARNING (ADE-5033): Cannot find the environment variable 'harmonics' for tool 'ams.pac'.
\o         Its internal default value will be used.
\o WARNING (ADE-5033): Cannot find the environment variable 'engine' for tool 'ams.pss'.
\o         Its internal default value will be used.
\o WARNING (ADE-5033): Cannot find the environment variable 'harmonics' for tool 'ams.pss'.
\o         Its internal default value will be used.
\o WARNING (ADE-5033): Cannot find the environment variable 'hbhomotopy' for tool 'ams.pss'.
\o         Its internal default value will be used.
\o WARNING (ADE-5033): Cannot find the environment variable 'dynParamB' for tool 'ams.pss'.
\o         Its internal default value will be used.
\o WARNING (ADE-5033): Cannot find the environment variable 'oscana' for tool 'ams.pss'.
\o         Its internal default value will be used.
\o WARNING (ADE-5033): Cannot find the environment variable 'sweepB' for tool 'ams.pss'.
\o         Its internal default value will be used.
\o WARNING (ADE-5033): Cannot find the environment variable 'sweep' for tool 'ams.pss'.
\o         Its internal default value will be used.
\o WARNING (ADE-5033): Cannot find the environment variable 'sweep2' for tool 'ams.pss'.
\o         Its internal default value will be used.
\o WARNING (ADE-5033): Cannot find the environment variable 'sweep3' for tool 'ams.pss'.
\o         Its internal default value will be used.
\o WARNING (ADE-5033): Cannot find the environment variable 'loadpullB' for tool 'ams.pss'.
\o         Its internal default value will be used.
\o WARNING (ADE-5033): Cannot find the environment variable 'sweep' for tool 'ams.sp'.
\o         Its internal default value will be used.
\o WARNING (ADE-5033): Cannot find the environment variable 'rangeType' for tool 'ams.sp'.
\o         Its internal default value will be used.
\o WARNING (ADE-5033): Cannot find the environment variable 'donoise' for tool 'ams.sp'.
\o         Its internal default value will be used.
\o WARNING (ADE-5033): Cannot find the environment variable 'sweep' for tool 'ams.xf'.
\o         Its internal default value will be used.
\o WARNING (ADE-5033): Cannot find the environment variable 'rangeType' for tool 'ams.xf'.
\o         Its internal default value will be used.
\o WARNING (ADE-5033): Cannot find the environment variable 'outType' for tool 'ams.xf'.
\o         Its internal default value will be used.
\o WARNING (ADE-5033): Cannot find the environment variable 'sweep' for tool 'ams.dc'.
\o         Its internal default value will be used.
\o WARNING (ADE-5033): Cannot find the environment variable 'sweep' for tool 'ams.stb'.
\o         Its internal default value will be used.
\o WARNING (ADE-5033): Cannot find the environment variable 'rangeType' for tool 'ams.stb'.
\o         Its internal default value will be used.
\o WARNING (ADE-5033): Cannot find the environment variable 'outType' for tool 'ams.dcmatch'.
\o         Its internal default value will be used.
\o WARNING (ADE-5033): Cannot find the environment variable 'sweep' for tool 'ams.dcmatch'.
\o         Its internal default value will be used.
\o WARNING (ADE-5033): Cannot find the environment variable 'outType' for tool 'ams.pz'.
\o         Its internal default value will be used.
\o WARNING (ADE-5033): Cannot find the environment variable 'inType' for tool 'ams.pz'.
\o         Its internal default value will be used.
\o WARNING (ADE-5033): Cannot find the environment variable 'sweep' for tool 'ams.pz'.
\o         Its internal default value will be used.
\o 
\o 
\o 
\o 
\o 
\o *Info*    Run start for Point ID (0 1) on testbench [
\o           ACMOS1:tb_ota_pmos_stb:1 ].
\o 
\o Resetting statistical vars
\o 
\o *Info*    Setting parameter values ...
\o 
\o Setting var cc = "150f"
\o Setting var cl = "200f"
\o Setting var rc = "7K"
\o Setting temp(T) = 27
\o Setting var vcm = "0.4"
\o 
\o *Info*    Netlist Directory =
\o           /home/strogos/simulation/ACMOS1/ota_pmos/adexl/results/data/Interactive.28/1/ACMOS1:tb_ota_pmos_stb:1/netlist
\o 
\o 
\o *Info*    Data Directory    =
\o           /home/strogos/simulation/ACMOS1/ota_pmos/adexl/results/data/Interactive.28/1/ACMOS1:tb_ota_pmos_stb:1
\o 
\o 
\o *Info*    Creating Netlist for Point ID (0 1)
\o 
\o generate netlist...
\o Loading seCore.cxt 
\o Initializing the control file using cp:
\o     cp /home/strogos/cadence/installs/IC616/tools.lnx86/dfII/etc/si/control.spectre /home/strogos/simulation/ACMOS1/ota_pmos/adexl/results/data/Interactive.28/1/ACMOS1:tb_ota_pmos_stb:1/netlist/control
\o Copying Spectre source file 'spectre.inp'
\o Copying Spectre command file 'spectre.sim'
\o Begin Incremental Netlisting Nov 17 12:58:29 2015
\o End netlisting Nov 17 12:58:29 2015
\o Loading monte.cxt 
\o 
\o Netlisting Statistics:
\o 	Number of components:   20
\o 
\o 	Elapsed time:          0.0s
\o Errors: 0	Warnings: 0
\o       ...successful.
\o compose simulator input file...
\o       ...successful.
\o 
\o *Info*    Running simulation on testbench [ ACMOS1:tb_ota_pmos_stb:1
\o           ] for Point ID (0 1).
\o 
\o Delete psf data in /home/strogos/simulation/ACMOS1/ota_pmos/adexl/results/data/Interactive.28/1/ACMOS1:tb_ota_pmos_stb:1/psf.
\o compose simulator input file...
\o       ...successful.
\o start simulator if needed...
\o       ...successful.
\o simulate...
\o To view the simulator output, right-click on the test name, result 
\o name, or any value in the "Results" tab of the Outputs section and 
\o choose "Output Log" menu option.
\o Loading paraplot.cxt 
\o INFO (ADE-3067): Errors encountered during simulation. For more information, right-click
\o         on a test name in the 'Results' tab of the Outputs pane and choose 'Output Log'
\o         to view the simulation run log.
\o 
\o *Error*   Error ID  = 5011
\o *Error*   Error Msg = Simulator failed to complete the simulation.
\o 
\o           Error found by spectre during circuit read-in.
\o Error found
\o           by spectre during circuit read-in.
\o ERROR (SFE-868):
\o           "input.scs" 9: Unable to open input file
\o           `/eda/kits/cadence/gpdk090.4.6/libs.oa22/gpdk090/../../models/spectre/gpdk090.scs'.
\o 
\o 
\o 
\o 
\o 
\# Memory report: using         271 MB, process size 1,060 MB at UTC 2015.11.17 17:58:30.013
\o 
\o 
\o 
\o 
\o 
\o *Info*    Run start for Point ID (0 1) on testbench [
\o           ACMOS1:tb_ota_pmos_stb:1 ].
\o 
\o Resetting statistical vars
\o 
\o *Info*    Setting parameter values ...
\o 
\o Setting var cc = "150f"
\o Setting var cl = "200f"
\o Setting var rc = "7K"
\o Setting temp(T) = 27
\o Setting var vcm = "0.4"
\o 
\o *Info*    Netlist Directory =
\o           /home/strogos/simulation/ACMOS1/ota_pmos/adexl/results/data/Interactive.28/1/ACMOS1:tb_ota_pmos_stb:1/netlist
\o 
\o 
\o *Info*    Data Directory    =
\o           /home/strogos/simulation/ACMOS1/ota_pmos/adexl/results/data/Interactive.28/1/ACMOS1:tb_ota_pmos_stb:1
\o 
\o 
\o *Info*    Creating Netlist for Point ID (0 1)
\o 
\o generate netlist...
\o Begin Incremental Netlisting Nov 17 12:58:30 2015
\o End netlisting Nov 17 12:58:30 2015
\o 
\o 	The netlist is up to date.
\o 	Time taken to compare the design with netlist:   0.0s
\o       ...successful.
\o compose simulator input file...
\o       ...successful.
\o 
\o *Info*    Running simulation on testbench [ ACMOS1:tb_ota_pmos_stb:1
\o           ] for Point ID (0 1).
\o 
\o Delete psf data in /home/strogos/simulation/ACMOS1/ota_pmos/adexl/results/data/Interactive.28/1/ACMOS1:tb_ota_pmos_stb:1/psf.
\o compose simulator input file...
\o       ...successful.
\o start simulator if needed...
\o       ...successful.
\o simulate...
\o To view the simulator output, right-click on the test name, result 
\o name, or any value in the "Results" tab of the Outputs section and 
\o choose "Output Log" menu option.
\o INFO (ADE-3067): Errors encountered during simulation. For more information, right-click
\o         on a test name in the 'Results' tab of the Outputs pane and choose 'Output Log'
\o         to view the simulation run log.
\o 
\o *Error*   Error ID  = 5011
\o *Error*   Error Msg = Simulator failed to complete the simulation.
\o 
\o           Error found by spectre during circuit read-in.
\o Error found
\o           by spectre during circuit read-in.
\o ERROR (SFE-868):
\o           "input.scs" 9: Unable to open input file
\o           `/eda/kits/cadence/gpdk090.4.6/libs.oa22/gpdk090/../../models/spectre/gpdk090.scs'.
\o 
\o 
\o 
\o 
\o 
\o Simulation design variables differ from those on the cellView,
\o they have been saved in the file "/tmp/saved-design-variables".
\o To save future changes, copy variables to cellView before exiting.
\o 
\o 
\o *Info*    Configuring the session ...
\o 
\o 	Library      = ACMOS1
\o 	Cell         = tb_ota_pmos_trans
\o 	View         = schematic
\o 	Simulator    = spectre
\o 	State Path   = $AXL_SETUPDB_DIR/test_states
\o 	State Name   = ACMOS1:tb_ota_pmos_trans:1_state_trans_Interactive.28
\o 	Results DB   = /home/strogos/cadence/workspace/7814EFT-semester-project/eda/ACMOS1/ota_pmos/adexl/results/data/Interactive.28.rdb
\o 	Results Dir  = /home/strogos/simulation/ACMOS1/ota_pmos/adexl/results/data/Interactive.28/1/ACMOS1:tb_ota_pmos_trans:1
\o 	Results Loc  = /home/strogos/simulation/ACMOS1/ota_pmos/adexl/results/data
\o 	Project Dir  = /home/strogos/simulation
\o 	Setup DB loc = /home/strogos/cadence/workspace/7814EFT-semester-project/eda/ACMOS1/ota_pmos/adexl
\o 	File Encoding = 0
\o 
\o 
\o *Info*    Spectre controlMode is set "batch".
\o 
\o 
\o 
\o 
\o 
\o 
\o *Info*    Run start for Point ID (0 1) on testbench [
\o           ACMOS1:tb_ota_pmos_trans:1 ].
\o 
\o Resetting statistical vars
\o 
\o *Info*    Setting parameter values ...
\o 
\o Setting var cc = "150f"
\o Setting var cl = "200f"
\o Setting var rc = "7K"
\o Setting temp(T) = 27
\o Setting var vcm = "0.4"
\o 
\o *Info*    Netlist Directory =
\o           /home/strogos/simulation/ACMOS1/ota_pmos/adexl/results/data/Interactive.28/1/ACMOS1:tb_ota_pmos_trans:1/netlist
\o 
\o 
\o *Info*    Data Directory    =
\o           /home/strogos/simulation/ACMOS1/ota_pmos/adexl/results/data/Interactive.28/1/ACMOS1:tb_ota_pmos_trans:1
\o 
\o 
\o *Info*    Creating Netlist for Point ID (0 1)
\o 
\o generate netlist...
\o Initializing the control file using cp:
\o     cp /home/strogos/cadence/installs/IC616/tools.lnx86/dfII/etc/si/control.spectre /home/strogos/simulation/ACMOS1/ota_pmos/adexl/results/data/Interactive.28/1/ACMOS1:tb_ota_pmos_trans:1/netlist/control
\o Copying Spectre source file 'spectre.inp'
\o Copying Spectre command file 'spectre.sim'
\o Begin Incremental Netlisting Nov 17 12:58:31 2015
\o End netlisting Nov 17 12:58:31 2015
\o 
\o Netlisting Statistics:
\o 	Number of components:   20
\o 
\o 	Elapsed time:          0.0s
\o Errors: 0	Warnings: 0
\o       ...successful.
\o compose simulator input file...
\o       ...successful.
\o 
\o *Info*    Running simulation on testbench [
\o           ACMOS1:tb_ota_pmos_trans:1 ] for Point ID (0 1).
\o 
\o Delete psf data in /home/strogos/simulation/ACMOS1/ota_pmos/adexl/results/data/Interactive.28/1/ACMOS1:tb_ota_pmos_trans:1/psf.
\o compose simulator input file...
\o       ...successful.
\o start simulator if needed...
\o       ...successful.
\o simulate...
\o To view the simulator output, right-click on the test name, result 
\o name, or any value in the "Results" tab of the Outputs section and 
\o choose "Output Log" menu option.
\o INFO (ADE-3067): Errors encountered during simulation. For more information, right-click
\o         on a test name in the 'Results' tab of the Outputs pane and choose 'Output Log'
\o         to view the simulation run log.
\o 
\o *Error*   Error ID  = 5011
\o *Error*   Error Msg = Simulator failed to complete the simulation.
\o 
\o           Error found by spectre during circuit read-in.
\o Error found
\o           by spectre during circuit read-in.
\o ERROR (SFE-868):
\o           "input.scs" 9: Unable to open input file
\o           `/eda/kits/cadence/gpdk090.4.6/libs.oa22/gpdk090/../../models/spectre/gpdk090.scs'.
\o 
\o 
\o 
\o 
\o 
\o 
\o 
\o 
\o 
\o 
\o *Info*    Run start for Point ID (0 1) on testbench [
\o           ACMOS1:tb_ota_pmos_trans:1 ].
\o 
\o Resetting statistical vars
\o 
\o *Info*    Setting parameter values ...
\o 
\o Setting var cc = "150f"
\o Setting var cl = "200f"
\o Setting var rc = "7K"
\o Setting temp(T) = 27
\o Setting var vcm = "0.4"
\o 
\o *Info*    Netlist Directory =
\o           /home/strogos/simulation/ACMOS1/ota_pmos/adexl/results/data/Interactive.28/1/ACMOS1:tb_ota_pmos_trans:1/netlist
\o 
\o 
\o *Info*    Data Directory    =
\o           /home/strogos/simulation/ACMOS1/ota_pmos/adexl/results/data/Interactive.28/1/ACMOS1:tb_ota_pmos_trans:1
\o 
\o 
\o *Info*    Creating Netlist for Point ID (0 1)
\o 
\o generate netlist...
\o Begin Incremental Netlisting Nov 17 12:58:31 2015
\o End netlisting Nov 17 12:58:31 2015
\o 
\o 	The netlist is up to date.
\o 	Time taken to compare the design with netlist:   0.0s
\o       ...successful.
\o compose simulator input file...
\o       ...successful.
\o 
\o *Info*    Running simulation on testbench [
\o           ACMOS1:tb_ota_pmos_trans:1 ] for Point ID (0 1).
\o 
\o Delete psf data in /home/strogos/simulation/ACMOS1/ota_pmos/adexl/results/data/Interactive.28/1/ACMOS1:tb_ota_pmos_trans:1/psf.
\o compose simulator input file...
\o       ...successful.
\o start simulator if needed...
\o       ...successful.
\o simulate...
\o To view the simulator output, right-click on the test name, result 
\o name, or any value in the "Results" tab of the Outputs section and 
\o choose "Output Log" menu option.
\o INFO (ADE-3067): Errors encountered during simulation. For more information, right-click
\o         on a test name in the 'Results' tab of the Outputs pane and choose 'Output Log'
\o         to view the simulation run log.
\o 
\o *Error*   Error ID  = 5011
\o *Error*   Error Msg = Simulator failed to complete the simulation.
\o 
\o           Error found by spectre during circuit read-in.
\o Error found
\o           by spectre during circuit read-in.
\o ERROR (SFE-868):
\o           "input.scs" 9: Unable to open input file
\o           `/eda/kits/cadence/gpdk090.4.6/libs.oa22/gpdk090/../../models/spectre/gpdk090.scs'.
\o 
\o 
\o 
\o 
\o 
\# Available memory:          3,618 MB at UTC 2015.11.17 17:58:34.209
\# Memory report: Maximum memory size now 3,895 MB at UTC 2015.11.17 17:58:34.209
\# Memory report: Maximum memory size now 3,719 MB at UTC 2015.11.17 17:59:24.213
\# Memory report: Maximum memory size now 3,832 MB at UTC 2015.11.17 18:01:04.220
\o Simulation design variables differ from those on the cellView,
\o they have been saved in the file "/tmp/saved-design-variables".
\o To save future changes, copy variables to cellView before exiting.
\o 
\o 
\o *Info*    Configuring the session ...
\o 
\o 	Library      = ACMOS1
\o 	Cell         = tb_ota_pmos_stb
\o 	View         = schematic
\o 	Simulator    = spectre
\o 	State Path   = $AXL_SETUPDB_DIR/test_states
\o 	State Name   = ACMOS1:tb_ota_pmos_stb:1_state_stb_Interactive.29
\o 	Results DB   = /home/strogos/cadence/workspace/7814EFT-semester-project/eda/ACMOS1/ota_pmos/adexl/results/data/Interactive.29.rdb
\o 	Results Dir  = /home/strogos/simulation/ACMOS1/ota_pmos/adexl/results/data/Interactive.29/1/ACMOS1:tb_ota_pmos_stb:1
\o 	Results Loc  = /home/strogos/simulation/ACMOS1/ota_pmos/adexl/results/data
\o 	Project Dir  = /home/strogos/simulation
\o 	Setup DB loc = /home/strogos/cadence/workspace/7814EFT-semester-project/eda/ACMOS1/ota_pmos/adexl
\o 	File Encoding = 0
\o 
\o 
\o *Info*    Spectre controlMode is set "batch".
\o 
\o 
\o 
\o 
\o 
\o 
\o *Info*    Run start for Point ID (1 1) on testbench [
\o           ACMOS1:tb_ota_pmos_stb:1 ].
\o 
\o Resetting statistical vars
\o 
\o *Info*    Setting parameter values ...
\o 
\o Setting var cc = "150f"
\o Setting var cl = "200f"
\o Setting var rc = "7K"
\o Setting temp(T) = 27
\o Setting var vcm = "0.4"
\o 
\o *Info*    Netlist Directory =
\o           /home/strogos/simulation/ACMOS1/ota_pmos/adexl/results/data/Interactive.29/1/ACMOS1:tb_ota_pmos_stb:1/netlist
\o 
\o 
\o *Info*    Data Directory    =
\o           /home/strogos/simulation/ACMOS1/ota_pmos/adexl/results/data/Interactive.29/1/ACMOS1:tb_ota_pmos_stb:1
\o 
\o 
\o *Info*    Creating Netlist for Point ID (1 1)
\o 
\o generate netlist...
\o Begin Incremental Netlisting Nov 17 13:01:08 2015
\o End netlisting Nov 17 13:01:08 2015
\o 
\o 	The netlist is up to date.
\o 	Time taken to compare the design with netlist:   0.0s
\o       ...successful.
\o compose simulator input file...
\o       ...successful.
\o 
\o *Info*    Running simulation on testbench [ ACMOS1:tb_ota_pmos_stb:1
\o           ] for Point ID (1 1).
\o 
\o Delete psf data in /home/strogos/simulation/ACMOS1/ota_pmos/adexl/results/data/Interactive.29/1/ACMOS1:tb_ota_pmos_stb:1/psf.
\o compose simulator input file...
\o       ...successful.
\o start simulator if needed...
\o       ...successful.
\o simulate...
\o To view the simulator output, right-click on the test name, result 
\o name, or any value in the "Results" tab of the Outputs section and 
\o choose "Output Log" menu option.
\o INFO (ADE-3071): Simulation completed successfully.
\o reading simulation data...
\o       ...successful.
\o *Info*    Client has finished evaluating ... 
\o 
\o 
\o *Info*    Run complete for Point ID (1 1) on testbench [
\o           ACMOS1:tb_ota_pmos_stb:1 ].
\o 
\o 
\o 
\o 
\o 
\o Simulation design variables differ from those on the cellView,
\o they have been saved in the file "/tmp/saved-design-variables".
\o To save future changes, copy variables to cellView before exiting.
\o 
\o 
\o *Info*    Configuring the session ...
\o 
\o 	Library      = ACMOS1
\o 	Cell         = tb_ota_pmos_trans
\o 	View         = schematic
\o 	Simulator    = spectre
\o 	State Path   = $AXL_SETUPDB_DIR/test_states
\o 	State Name   = ACMOS1:tb_ota_pmosACMOS1:tb_ota_pmos_trans:1_trans:1_state_trans_Interactive.29
\o 	Results DB   = /home/strogos/cadence/workspace/7814EFT-semester-project/eda/ACMOS1/ota_pmos/adexl/results/data/Interactive.29.rdb
\o 	Results Dir  = /home/strogos/simulation/ACMOS1/ota_pmos/adexl/results/data/Interactive.29/1/ACMOS1:tb_ota_pmosACMOS1:tb_ota_pmos_trans:1_trans:1
\o 	Results Loc  = /home/strogos/simulation/ACMOS1/ota_pmos/adexl/results/data
\o 	Project Dir  = /home/strogos/simulation
\o 	Setup DB loc = /home/strogos/cadence/workspace/7814EFT-semester-project/eda/ACMOS1/ota_pmos/adexl
\o 	File Encoding = 0
\o 
\o 
\o *Info*    Spectre controlMode is set "batch".
\o 
\o 
\o 
\o 
\o 
\o 
\o *Info*    Run start for Point ID (1 1) on testbench [
\o           ACMOS1:tb_ota_pmosACMOS1:tb_ota_pmos_trans:1_trans:1 ].
\o 
\o Resetting statistical vars
\o 
\o *Info*    Setting parameter values ...
\o 
\o Setting var cc = "150f"
\o Setting var cl = "200f"
\o Setting var rc = "7K"
\o Setting temp(T) = 27
\o Setting var vcm = "0.4"
\o 
\o *Info*    Netlist Directory =
\o           /home/strogos/simulation/ACMOS1/ota_pmos/adexl/results/data/Interactive.29/1/ACMOS1:tb_ota_pmosACMOS1:tb_ota_pmos_trans:1_trans:1/netlist
\o 
\o 
\o *Info*    Data Directory    =
\o           /home/strogos/simulation/ACMOS1/ota_pmos/adexl/results/data/Interactive.29/1/ACMOS1:tb_ota_pmosACMOS1:tb_ota_pmos_trans:1_trans:1
\o 
\o 
\o *Info*    Creating Netlist for Point ID (1 1)
\o 
\o generate netlist...
\o Initializing the control file using cp:
\o     cp /home/strogos/cadence/installs/IC616/tools.lnx86/dfII/etc/si/control.spectre /home/strogos/simulation/ACMOS1/ota_pmos/adexl/results/data/Interactive.29/1/ACMOS1:tb_ota_pmosACMOS1:tb_ota_pmos_trans:1_trans:1/netlist/control
\o Copying Spectre source file 'spectre.inp'
\o Copying Spectre command file 'spectre.sim'
\o Begin Incremental Netlisting Nov 17 13:01:09 2015
\o End netlisting Nov 17 13:01:09 2015
\o 
\o Netlisting Statistics:
\o 	Number of components:   20
\o 
\o 	Elapsed time:          0.0s
\o Errors: 0	Warnings: 0
\o       ...successful.
\o compose simulator input file...
\o       ...successful.
\o 
\o *Info*    Running simulation on testbench [
\o           ACMOS1:tb_ota_pmosACMOS1:tb_ota_pmos_trans:1_trans:1 ] for
\o           Point ID (1 1).
\o 
\o Delete psf data in /home/strogos/simulation/ACMOS1/ota_pmos/adexl/results/data/Interactive.29/1/ACMOS1:tb_ota_pmosACMOS1:tb_ota_pmos_trans:1_trans:1/psf.
\o compose simulator input file...
\o       ...successful.
\o start simulator if needed...
\o       ...successful.
\o simulate...
\o To view the simulator output, right-click on the test name, result 
\o name, or any value in the "Results" tab of the Outputs section and 
\o choose "Output Log" menu option.
\o INFO (ADE-3071): Simulation completed successfully.
\o reading simulation data...
\o       ...successful.
\o *Info*    Client has finished evaluating ... 
\o 
\o 
\o *Info*    Run complete for Point ID (1 1) on testbench [
\o           ACMOS1:tb_ota_pmosACMOS1:tb_ota_pmos_trans:1_trans:1 ].
\o 
\o 
\o 
\o 
\o 
