*Info*    Exporting services from client ... 

*Info*    Client has finished starting ... 



*Info*    Configuring the session ...

	Library      = OTA_COMPENSATION_EXAMPLE
	Cell         = tb_ota_unity_loop
	View         = schematic
	Simulator    = spectre
	State Path   = $AXL_SETUPDB_DIR/test_states
	State Name   = tb_ota_unity_loop:UGF_rev-00_Interactive.1024
	Results DB   = /home/strogos/cadence/workspace/7814EFT-semester-project/eda/OTA_COMPENSATION_EXAMPLE/tb_ota_closed_loop/adexl_1/results/data/Interactive.1024.rdb
	Results Dir  = /home/strogos/simulation/OTA_COMPENSATION_EXAMPLE/tb_ota_closed_loop/adexl_1/results/data/Interactive.1024/1/tb_ota_unity_loop:UGF
	Results Loc  = /home/strogos/simulation/OTA_COMPENSATION_EXAMPLE/tb_ota_closed_loop/adexl_1/results/data
	Project Dir  = /home/strogos/simulation
	Setup DB loc = /home/strogos/cadence/workspace/7814EFT-semester-project/eda/OTA_COMPENSATION_EXAMPLE/tb_ota_closed_loop/adexl_1
	File Encoding = 0


*Info*    Spectre controlMode is set "batch".






*Info*    Run start for Point ID (17 1) on testbench [
          tb_ota_unity_loop:UGF ].

Resetting statistical vars

*Info*    Setting parameter values ...

Setting var I_bias = "20u"
Setting var cc = "45f"
Setting var cl = "140f"
Setting var rc = "6.5k"
Setting temp(T) = 27
Setting var vcm = "530m"
Setting var vdc_sweep = "0"
Setting var vdd = "1"
Setting var vin_sig = "250m"
Setting var voff = "315m"
Setting var vrc_bias = "14m"

*Info*    Netlist Directory =
          /home/strogos/simulation/OTA_COMPENSATION_EXAMPLE/tb_ota_closed_loop/adexl_1/results/data/Interactive.1024/1/tb_ota_unity_loop:UGF/netlist


*Info*    Data Directory    =
          /home/strogos/simulation/OTA_COMPENSATION_EXAMPLE/tb_ota_closed_loop/adexl_1/results/data/Interactive.1024/1/tb_ota_unity_loop:UGF


*Info*    Creating Netlist for Point ID (17 1)

generate netlist...
Begin Incremental Netlisting Nov 18 13:17:20 2015
End netlisting Nov 18 13:17:20 2015

	The netlist is up to date.
	Time taken to compare the design with netlist:   0.0s
      ...successful.
compose simulator input file...
      ...successful.

*Info*    Running simulation on testbench [ tb_ota_unity_loop:UGF ]
          for Point ID (17 1).

Delete psf data in /home/strogos/simulation/OTA_COMPENSATION_EXAMPLE/tb_ota_closed_loop/adexl_1/results/data/Interactive.1024/1/tb_ota_unity_loop:UGF/psf.
compose simulator input file...
      ...successful.
start simulator if needed...
      ...successful.
simulate...
To view the simulator output, right-click on the test name, result 
name, or any value in the "Results" tab of the Outputs section and 
choose "Output Log" menu option.
INFO (ADE-3071): Simulation completed successfully.
reading simulation data...
      ...successful.
*Info*    Client has finished evaluating ... 


*Info*    Run complete for Point ID (17 1) on testbench [
          tb_ota_unity_loop:UGF ].





Simulation design variables differ from those on the cellView,
they have been saved in the file "/tmp/saved-design-variables".
To save future changes, copy variables to cellView before exiting.
