\# Program start time UTC 2015.11.18 08:16:22.438
\# Local time Wednesday 18 November 2015, 3:16 am
\o Program:		@(#)$CDS: virtuoso version 6.1.6-64b 10/30/2014 22:43 (sjfnl172) $
\o Hierarchy:		/home/strogos/cadence/installs/IC616/tools.lnx86/dfII/
\o Sub version:		sub-version  IC6.1.6-64b.500.9  (64-bit addresses)
\# Command line:	/home/strogos/cadence/installs/IC616/tools.lnx86/dfII/bin/64bit/virtuoso -noautostart -mpssession virtuoso24410 -mpshost vm-centos7 -davinciService DaVinciService_24410_1447827052 -log /home/strogos/cadence/workspace/7814EFT-semester-project/eda/logs_strogos/logs0/Job287.log -licenseLockFileName /home/strogos/cadence/workspace/7814EFT-semester-project/eda/.tmp_strogos/.vm-centos7_24410 -nograph -nostdin -axlChildIdFlag 287
\# Host name (type):	vm-centos7 (x86_64)
\# Operating system:	Linux 3.10.0-229.20.1.el7.x86_64 #1 SMP Tue Nov 3 19:10:07 UTC 2015
\# Linux /etc/issue:	\S
\# Linux /etc/issue:	Kernel \r on an \m
\# X display name (WxH):	vm-centos7:80 (1024x868)
\# Available geometry:			TL(0:0) BR(1023:867)
\# X server:			RealVNC Ltd (VNC nograph server, PID 20393)
\# Depth of Visual (Root):	16 (16)
\# Number of Planes Used:	16
\# X version:		11.0 (vendor release 3370)
\# X resource pool:	base 0x800000, mask 0x3fffff (4194303), shift 0
\# 			current id 0x0, current max 0x3ffffa (4194298)
\# Max data seg size:	     unlimited
\# Max process size:	     unlimited
\# Initial sbrk value:	        311 MB
\# Available memory:	      3,398 MB
\# System memory:	      5,993 MB
\# Maximum memory size:	      5,746 MB
\# Max mem available:	      3,463 MB
\# Initial memory used:	         64 MB
\#        process size:	        729 MB
\# Qt version:		4.7.2
\# Window Manager:	other
\# User Name:		strogos
\o Working Directory:	vm-centos7:/home/strogos/cadence/workspace/7814EFT-semester-project/eda
\# Process Id:		20400
\o 
\o COPYRIGHT © 1992-2014  CADENCE DESIGN SYSTEMS INC.  ALL RIGHTS RESERVED.
\o           © 1992-2014  UNIX SYSTEMS Laboratories INC.,
\o                          Reproduced with permission.
\o 
\o This Cadence Design Systems program and online documentation are
\o proprietary/confidential information and may be disclosed/used only
\o as authorized in a license agreement controlling such use and disclosure.
\o 
\o           RESTRICTED RIGHTS NOTICE (SHORT FORM)
\o Use/reproduction/disclosure is subject to restriction
\o set forth at FAR 1252.227-19 or its equivalent.
\o Loading geView.cxt 
\o Loading menuBuilder.cxt 
\o Loading schView.cxt 
\o Loading selectSv.cxt 
\o Loading LVS.cxt 
\o Loading layerProc.cxt 
\o Loading pte2.cxt 
\o Loading xlUI.cxt 
\o Loading auCore.cxt 
\o Loading vhdl.cxt 
\o Loading seismic.cxt 
\o Loading ci.cxt 
\o Loading ams.cxt 
\o Loading oasis.cxt 
\o Loading analog.cxt 
\o Loading asimenv.cxt 
\o Loading par.cxt 
\o Loading socket.cxt 
\o Loading alvs.cxt 
\o Loading awv.cxt 
\o Loading adexl.cxt 
\o INFO (DB-170018): (dbPanic) dumping stack
