*Info*    Exporting services from client ... 

*Info*    Client has finished starting ... 



*Info*    Configuring the session ...

	Library      = OTA_COMPENSATION_EXAMPLE
	Cell         = tb_ota_tran
	View         = schematic
	Simulator    = spectre
	State Path   = $AXL_SETUPDB_DIR/test_states
	State Name   = OTA_COMPENSATION_EXAMPLE:tb_ota_tran_pulse:1_state_tran_Interactive.442
	Results DB   = /home/strogos/cadence/workspace/7814EFT-semester-project/eda/OTA_COMPENSATION_EXAMPLE/tb_ota_closed_loop/adexl_1/results/data/Interactive.442.rdb
	Results Dir  = /home/strogos/simulation/OTA_COMPENSATION_EXAMPLE/tb_ota_closed_loop/adexl_1/results/data/Interactive.442/1/OTA_COMPENSATION_EXAMPLE:tb_ota_tran_pulse:1
	Results Loc  = /home/strogos/simulation/OTA_COMPENSATION_EXAMPLE/tb_ota_closed_loop/adexl_1/results/data
	Project Dir  = /home/strogos/simulation
	Setup DB loc = /home/strogos/cadence/workspace/7814EFT-semester-project/eda/OTA_COMPENSATION_EXAMPLE/tb_ota_closed_loop/adexl_1
	File Encoding = 0


*Info*    Spectre controlMode is set "batch".






*Info*    Run start for Point ID (11 1) on testbench [
          OTA_COMPENSATION_EXAMPLE:tb_ota_tran_pulse:1 ].

Resetting statistical vars

*Info*    Setting parameter values ...

Setting var I_bias = "20u"
Setting var cc = "155f"
Setting var cl = "230f"
Setting var rc = "10k"
Setting temp(T) = 27
Setting var vcm = "500m"
Setting var vdc_sweep = "0"
Setting var vdd = "1"
Setting var vin_sig = "250m"
Setting var voff = "243.9835"

*Info*    Netlist Directory =
          /home/strogos/simulation/OTA_COMPENSATION_EXAMPLE/tb_ota_closed_loop/adexl_1/results/data/Interactive.442/1/OTA_COMPENSATION_EXAMPLE:tb_ota_tran_pulse:1/netlist


*Info*    Data Directory    =
          /home/strogos/simulation/OTA_COMPENSATION_EXAMPLE/tb_ota_closed_loop/adexl_1/results/data/Interactive.442/1/OTA_COMPENSATION_EXAMPLE:tb_ota_tran_pulse:1


*Info*    Creating Netlist for Point ID (11 1)

generate netlist...
Begin Incremental Netlisting Nov 17 15:49:37 2015
End netlisting Nov 17 15:49:37 2015

	The netlist is up to date.
	Time taken to compare the design with netlist:   0.0s
      ...successful.
compose simulator input file...
      ...successful.

*Info*    Running simulation on testbench [
          OTA_COMPENSATION_EXAMPLE:tb_ota_tran_pulse:1 ] for Point ID
          (11 1).

Delete psf data in /home/strogos/simulation/OTA_COMPENSATION_EXAMPLE/tb_ota_closed_loop/adexl_1/results/data/Interactive.442/1/OTA_COMPENSATION_EXAMPLE:tb_ota_tran_pulse:1/psf.
compose simulator input file...
      ...successful.
start simulator if needed...
      ...successful.
simulate...
To view the simulator output, right-click on the test name, result 
name, or any value in the "Results" tab of the Outputs section and 
choose "Output Log" menu option.
INFO (ADE-3072): Simulation is stopped by user. Simulation results may not be complete.

*Error*   Error ID  = 5011
*Error*   Error Msg = Simulator failed to complete the simulation.

          Error found by spectre during IC analysis, during transient
          analysis `tran'.
Error found by spectre during IC analysis,
          during transient analysis `tran'.
ERROR (SPECTRE-25):
          Killed by user.





Simulation design variables differ from those on the cellView,
they have been saved in the file "/tmp/saved-design-variables".
To save future changes, copy variables to cellView before exiting.
