*Info*    Exporting services from client ... 

*Info*    Client has finished starting ... 



*Info*    Configuring the session ...

	Library      = OTA_COMPENSATION_EXAMPLE
	Cell         = tb_ota_closed_loop
	View         = schematic
	Simulator    = spectre
	State Path   = $AXL_SETUPDB_DIR/test_states
	State Name   = OTA_COMPENSATION_EXAMPLE:tb_ota_closed_loop:1_rev-00_Interactive.230
	Results DB   = /home/strogos/cadence/workspace/7814EFT-semester-project/eda/OTA_COMPENSATION_EXAMPLE/tb_ota_closed_loop/adexl_1/results/data/Interactive.230.rdb
	Results Dir  = /home/strogos/simulation/OTA_COMPENSATION_EXAMPLE/tb_ota_closed_loop/adexl_1/results/data/Interactive.230/1/OTA_COMPENSATION_EXAMPLE:tb_ota_closed_loop:1
	Results Loc  = /home/strogos/simulation/OTA_COMPENSATION_EXAMPLE/tb_ota_closed_loop/adexl_1/results/data
	Project Dir  = /home/strogos/simulation
	Setup DB loc = /home/strogos/cadence/workspace/7814EFT-semester-project/eda/OTA_COMPENSATION_EXAMPLE/tb_ota_closed_loop/adexl_1
	File Encoding = 0


*Info*    Spectre controlMode is set "batch".






*Info*    Run start for Point ID (84 1) on testbench [
          OTA_COMPENSATION_EXAMPLE:tb_ota_closed_loop:1 ].

Resetting statistical vars

*Info*    Setting parameter values ...

Setting var I_bias = "20u"
Setting var M = ""
Setting var cc = "30f"
Setting var cl = "700f"
Setting var rc = "40M"
Setting temp(T) = 27
Setting var vcm = "500m"
Setting var vdc_sweep = "0"
Setting var vdd = "1"
Setting var vin_sig = "500m"

*Info*    Netlist Directory =
          /home/strogos/simulation/OTA_COMPENSATION_EXAMPLE/tb_ota_closed_loop/adexl_1/results/data/Interactive.230/1/OTA_COMPENSATION_EXAMPLE:tb_ota_closed_loop:1/netlist


*Info*    Data Directory    =
          /home/strogos/simulation/OTA_COMPENSATION_EXAMPLE/tb_ota_closed_loop/adexl_1/results/data/Interactive.230/1/OTA_COMPENSATION_EXAMPLE:tb_ota_closed_loop:1


*Info*    Creating Netlist for Point ID (84 1)

generate netlist...
Begin Incremental Netlisting Nov 13 18:58:22 2015
End netlisting Nov 13 18:58:22 2015

	The netlist is up to date.
	Time taken to compare the design with netlist:   0.0s
*Warning*	Additional design variables have been found during netlisting.
 		A value is necessary for successful simulation.
		To simulate, assign values to all design variables with 
		the Variables->Edit... menu, and use "Netlist and Run".
      ...successful.
compose simulator input file...
      ...successful.

*Info*    Running simulation on testbench [
          OTA_COMPENSATION_EXAMPLE:tb_ota_closed_loop:1 ] for Point
          ID (84 1).

Delete psf data in /home/strogos/simulation/OTA_COMPENSATION_EXAMPLE/tb_ota_closed_loop/adexl_1/results/data/Interactive.230/1/OTA_COMPENSATION_EXAMPLE:tb_ota_closed_loop:1/psf.
compose simulator input file...
      ...successful.
start simulator if needed...
      ...successful.
simulate...
To view the simulator output, right-click on the test name, result 
name, or any value in the "Results" tab of the Outputs section and 
choose "Output Log" menu option.
INFO (ADE-3071): Simulation completed successfully.
reading simulation data...
      ...successful.
*Info*    Client has finished evaluating ... 

ERROR (ADEXL-2709): Evaluation of output 'stb-freq-at-125-degrees' returned 'nil' for point:'1' test:'OTA_COMPENSATION_EXAMPLE:tb_ota_closed_loop:1'
	Expression:'cross(getData("/phaseMargin" ?result "stb_margin") -125 1 "falling" nil nil)'.
Ensure that the definition of output is correct.


*Info*    Run complete for Point ID (84 1) on testbench [
          OTA_COMPENSATION_EXAMPLE:tb_ota_closed_loop:1 ].





Simulation design variables differ from those on the cellView,
they have been saved in the file "/tmp/saved-design-variables".
To save future changes, copy variables to cellView before exiting.
