*Info*    Exporting services from client ... 

*Info*    Client has finished starting ... 



*Info*    Configuring the session ...

	Library      = OTA_COMPENSATION_EXAMPLE
	Cell         = tb_ota_phase_margin
	View         = schematic
	Simulator    = spectre
	State Path   = $AXL_SETUPDB_DIR/test_states
	State Name   = test1_none_Interactive.0
	Results DB   = /home/strogos/cadence/workspace/ota_compensation_example/virtuoso/OTA_COMPENSATION_EXAMPLE/tb_ota_phase_margin/adexl/results/data/Interactive.0.rdb
	Results Dir  = /home/strogos/simulation/OTA_COMPENSATION_EXAMPLE/tb_ota_phase_margin/adexl/results/data/Interactive.0/1/test1
	Results Loc  = /home/strogos/simulation/OTA_COMPENSATION_EXAMPLE/tb_ota_phase_margin/adexl/results/data
	Project Dir  = /home/strogos/simulation
	Setup DB loc = /home/strogos/cadence/workspace/ota_compensation_example/virtuoso/OTA_COMPENSATION_EXAMPLE/tb_ota_phase_margin/adexl
	File Encoding = 0


*Info*    Spectre controlMode is set "batch".






*Info*    Run start for Point ID (1 1) on testbench [ test1 ].

Resetting statistical vars

*Info*    Setting parameter values ...

Setting var cc = "300f"
Setting var cl = "10f"
Setting var rc = "3K"
Setting temp(T) = 27
Setting var vdd = "1"

*Info*    Netlist Directory =
          /home/strogos/simulation/OTA_COMPENSATION_EXAMPLE/tb_ota_phase_margin/adexl/results/data/Interactive.0/1/test1/netlist


*Info*    Data Directory    =
          /home/strogos/simulation/OTA_COMPENSATION_EXAMPLE/tb_ota_phase_margin/adexl/results/data/Interactive.0/1/test1


*Info*    Creating Netlist for Point ID (1 1)

generate netlist...
Begin Incremental Netlisting Nov  1 04:48:30 2015
End netlisting Nov  1 04:48:30 2015

Netlisting Statistics:
	Number of components:   17

	Elapsed time:          0.0s
Errors: 0	Warnings: 0
      ...successful.
compose simulator input file...
      ...successful.

*Info*    Running simulation on testbench [ test1 ] for Point ID (1
          1).

Delete psf data in /home/strogos/simulation/OTA_COMPENSATION_EXAMPLE/tb_ota_phase_margin/adexl/results/data/Interactive.0/1/test1/psf.
compose simulator input file...
      ...successful.
start simulator if needed...
      ...successful.
simulate...
To view the simulator output, right-click on the test name, result 
name, or any value in the "Results" tab of the Outputs section and 
choose "Output Log" menu option.
INFO (ADE-3067): Errors encountered during simulation. For more information, right-click
        on a test name in the 'Results' tab of the Outputs pane and choose 'Output Log'
        to view the simulation run log.

*Error*   Error ID  = 5011
*Error*   Error Msg = Simulator failed to complete the simulation.

          Error found by spectre during circuit read-in.
Error found
          by spectre during circuit read-in.
ERROR (SFE-675):
          "/home/strogos/cadence/workspace/tfe4520-specproject-fall2015/eda/cadence/virtuoso-workspace/tech-pkgs/gpdk090.4.6/models/spectre/gpd
k090.scs" 16: Illegal library definition found in
           netlist










*Info*    Run start for Point ID (1 1) on testbench [ test1 ].

Resetting statistical vars

*Info*    Setting parameter values ...

Setting var cc = "300f"
Setting var cl = "10f"
Setting var rc = "3K"
Setting temp(T) = 27
Setting var vdd = "1"

*Info*    Netlist Directory =
          /home/strogos/simulation/OTA_COMPENSATION_EXAMPLE/tb_ota_phase_margin/adexl/results/data/Interactive.0/1/test1/netlist


*Info*    Data Directory    =
          /home/strogos/simulation/OTA_COMPENSATION_EXAMPLE/tb_ota_phase_margin/adexl/results/data/Interactive.0/1/test1


*Info*    Creating Netlist for Point ID (1 1)

generate netlist...
Begin Incremental Netlisting Nov  1 04:48:32 2015
End netlisting Nov  1 04:48:32 2015

	The netlist is up to date.
	Time taken to compare the design with netlist:   0.0s
      ...successful.
compose simulator input file...
      ...successful.

*Info*    Running simulation on testbench [ test1 ] for Point ID (1
          1).

Delete psf data in /home/strogos/simulation/OTA_COMPENSATION_EXAMPLE/tb_ota_phase_margin/adexl/results/data/Interactive.0/1/test1/psf.
compose simulator input file...
      ...successful.
start simulator if needed...
      ...successful.
simulate...
To view the simulator output, right-click on the test name, result 
name, or any value in the "Results" tab of the Outputs section and 
choose "Output Log" menu option.
INFO (ADE-3067): Errors encountered during simulation. For more information, right-click
        on a test name in the 'Results' tab of the Outputs pane and choose 'Output Log'
        to view the simulation run log.

*Error*   Error ID  = 5011
*Error*   Error Msg = Simulator failed to complete the simulation.

          Error found by spectre during circuit read-in.
Error found
          by spectre during circuit read-in.
ERROR (SFE-675):
          "/home/strogos/cadence/workspace/tfe4520-specproject-fall2015/eda/cadence/virtuoso-workspace/tech-pkgs/gpdk090.4.6/models/spectre/gpd
k090.scs" 16: Illegal library definition found in
           netlist





Simulation design variables differ from those on the cellView,
they have been saved in the file "/tmp/saved-design-variables".
To save future changes, copy variables to cellView before exiting.
