Starting Single Run, Sweeps and Corners...

Current time: Mon Nov 16 21:37:27 2015 
Best design point: 1
Design specs: 
	OTA_COMPENSATION_EXAMPLE:tb_ota_closed_loop:1	corner	Nominal - 
	stb-phase-margin		59.23
	stb-unity-gain-freq		219.5M
	OTA_COMPENSATION_EXAMPLE:tb_ota_ac:1	corner	Nominal - 
	spectrum_sinad		52.45
	spectrum_fft		Error	No
	OTA_COMPENSATION_EXAMPLE:tb_ota_tran:1	corner	Nominal - 
	OTA_COMPENSATION_EXAMPLE:tb_ota_closed_loop:DC	corner	Nominal - 
	dc-m1a_gm_over_id		-21.98
	dc-m1a_gm		215.3u
	dc-m2a_gm_over_id		15.37
	dc-m2b_gm_over_id		15.38
	dc-m1b_gm_over_id		-22.01
	dc-mbp3_gm_over_id		-10.8
	dc-m3a_gm_over_id		17.59
	dc-m3a_gm		364.6u
	diff-stage-gain		31.84
	common-source.stage-gain		28.9
	dc-gm3a_over_gds		44.51
	dc-gm1b_over_gds		70.4
Design parameters: 
	cl		230f
	rc		10k
	cc		155f
	vdd		1
	vcm		500m
	vdc_sweep		0
	I_bias		20u
	vin_sig		250m

Interactive.429
Number of points completed: 1
Number of simulation errors: 1
Interactive.429 completed. 
Current time: Mon Nov 16 21:37:33 2015 
