Starting Single Run, Sweeps and Corners...

Current time: Mon Nov 16 21:36:29 2015 
Best design point: 1
Design specs: 
	OTA_COMPENSATION_EXAMPLE:tb_ota_closed_loop:1	corner	Nominal - 
	stb-phase-margin		61.1
	stb-unity-gain-freq		221.6M
	OTA_COMPENSATION_EXAMPLE:tb_ota_ac:1	corner	Nominal - 
	spectrum_sinad		52.11
	spectrum_fft		Error	No
	OTA_COMPENSATION_EXAMPLE:tb_ota_tran:1	corner	Nominal - 
	OTA_COMPENSATION_EXAMPLE:tb_ota_closed_loop:DC	corner	Nominal - 
	dc-m1a_gm_over_id		-21.94
	dc-m1a_gm		216.1u
	dc-m2a_gm_over_id		11.47
	dc-m2b_gm_over_id		11.48
	dc-m1b_gm_over_id		-22.03
	dc-mbp3_gm_over_id		-10.8
	dc-m3a_gm_over_id		17.6
	dc-m3a_gm		364.2u
	diff-stage-gain		32.03
	common-source.stage-gain		28.89
	dc-gm3a_over_gds		44.51
	dc-gm1b_over_gds		70.42
Design parameters: 
	cl		230f
	rc		10k
	cc		155f
	vdd		1
	vcm		500m
	vdc_sweep		0
	I_bias		20u
	vin_sig		250m

Interactive.428
Number of points completed: 1
Number of simulation errors: 1
Interactive.428 completed. 
Current time: Mon Nov 16 21:36:34 2015 
