Starting Single Run, Sweeps and Corners...

Current time: Wed Nov 18 03:39:47 2015 
Best design point: 1
Design specs: 
	tb_ota_closed_loop:DC	corner	Nominal - 
	dc-m1a_gm_over_id		-20.06
	dc-m1a_gm		193.3u
	dc-m2a_gm_over_id		11.25
	dc-m2b_gm_over_id		11.26
	dc-m1b_gm_over_id		-20.11
	dc-mbp3_gm_over_id		-7.179
	dc-m3a_gm_over_id		15.6
	dc-m3a_gm		626.4u
	dc-gm3a_over_gds		26.16
	dc-gm1b_over_gds		216.8
	diff-stage-gain		36.72
	common-source.stage-gain		27.42
	total-gain-dB		64.14	Yes
	dc-POWER-DISSIPIATION		59.34u	
	calc-slew-rate-volt-per-sec		-6.095n
	Ron-mrc		6.353k
	tb_ota_closed_loop:stb	corner	Nominal - 
	stb-phase-margin		56.18	Near
	stb-unity-gain-freq		211M	Near
	tb_ota_tran:spectrum	corner	Nominal - 
	tran-spectrum_sinad		40.16	Yes
Design parameters: 
	cl		120f
	rc		8.65k
	cc		117f
	vdd		1
	vcm		530m
	vdc_sweep		0
	I_bias		20u
	vin_sig		250m
	voff		260m
	vrc_bias		10m

Interactive.945
Number of points completed: 1
Number of simulation errors: 0
Interactive.945 completed. 
Current time: Wed Nov 18 03:40:21 2015 
