Starting Single Run, Sweeps and Corners...

Current time: Wed Nov 18 03:38:42 2015 
Best design point: 1
Design specs: 
	tb_ota_closed_loop:DC	corner	Nominal - 
	dc-m1a_gm_over_id		-21.6
	dc-m1a_gm		208.7u
	dc-m2a_gm_over_id		11.24
	dc-m2b_gm_over_id		11.25
	dc-m1b_gm_over_id		-21.65
	dc-mbp3_gm_over_id		-7.179
	dc-m3a_gm_over_id		15.6
	dc-m3a_gm		626.4u
	dc-gm3a_over_gds		26.16
	dc-gm1b_over_gds		126.8
	diff-stage-gain		35.32
	common-source.stage-gain		27.42
	total-gain-dB		62.74	Yes
	dc-POWER-DISSIPIATION		59.38u	
	calc-slew-rate-volt-per-sec		-6.082n
	Ron-mrc		6.352k
Design parameters: 
	cl		120f
	rc		8.65k
	cc		117f
	vdd		1
	vcm		530m
	vdc_sweep		0
	I_bias		20u
	vin_sig		250m
	voff		260m
	vrc_bias		10m

Interactive.943
Number of points completed: 1
Number of simulation errors: 0
Interactive.943 completed. 
Current time: Wed Nov 18 03:38:49 2015 
