Starting Single Run, Sweeps and Corners...

Current time: Fri Nov 13 21:16:56 2015 
Best design point: 1
Design specs: 
	OTA_COMPENSATION_EXAMPLE:tb_ota_closed_loop:1	corner	Nominal - 
	OTA_COMPENSATION_EXAMPLE:tb_ota_ac:1	corner	Nominal - 
	OTA_COMPENSATION_EXAMPLE:tb_ota_tran:1	corner	Nominal - 
	OTA_COMPENSATION_EXAMPLE:tb_ota_closed_loop:DC	corner	Nominal - 
Design parameters: 
	cl		375f
	rc		16.1k
	cc		155f
	vdd		1
	vcm		500m
	vdc_sweep		0
	I_bias		20u
	vin_sig		500m

Interactive.365
Number of points completed: 1
Number of simulation errors: 4
Interactive.365 completed. 
Current time: Fri Nov 13 21:17:07 2015 
