Starting Single Run, Sweeps and Corners...

Current time: Mon Nov 23 00:42:51 2015 
Best design point: 1
Design specs: 
	tb_ota_closed_loop:DC	corner	Nominal - 
	dc-m1a_gm_over_id		-20.82
	dc-m1a_gm		200.1u
	dc-m2a_gm_over_id		11.26
	dc-m2b_gm_over_id		11.28
	dc-m1b_gm_over_id		-20.89
	dc-mbp3_gm_over_id		-7.179
	dc-m3a_gm_over_id		17.82
	dc-m3a_gm		715.2u
	dc-gm3a_over_gds		15.38
	dc-gm1b_over_gds		116.1
	diff-stage-gain		34.62
	common-source.stage-gain		23.25
	total-gain-dB		57.87	Yes
	dc-POWER-DISSIPIATION		59.26u	
	calc-slew-rate-volt-per-sec		-2.354n
	Ron-mrc		9.582k
	tb_ota_closed_loop:stb	corner	Nominal - 
	stb-unity-gain-freq-NOT-UNITY-GAIN-cap-loop-freq		220.7M	
	stb-phase-margin-NOT-UNITY-GAIN-cap-loop-freq		61.41	Yes
	tb_ota_unity_loop:UGF	corner	Nominal - 
	stb-unity-gain-phase-margin		32.33
	stb-unity-gain-freq		369M	Yes
	tb_ota_tran:spectrum	corner	Nominal - 
	tran-spectrum_sinad		41.5	Yes
Design parameters: 
	cl		140f
	rc		6.5k
	cc		45f
	vdd		1
	vcm		530m
	vdc_sweep		0
	I_bias		20u
	vin_sig		250m
	vrc_bias		14m
	voff		315m

Interactive.1030
Number of points completed: 1
Number of simulation errors: 0
Interactive.1030 completed. 
Current time: Mon Nov 23 00:45:00 2015 
