*Info*    Exporting services from client ... 

*Info*    Client has finished starting ... 



*Info*    Configuring the session ...

	Library      = OTA_COMPENSATION_EXAMPLE
	Cell         = tb_ota_closed_loop
	View         = schematic
	Simulator    = spectre
	State Path   = $AXL_SETUPDB_DIR/test_states
	State Name   = OTA_COMPENSATION_EXAMPLE:tb_ota_closed_loop:DC_none_Interactive.35
	Results DB   = /home/strogos/cadence/workspace/7814EFT-semester-project/eda/OTA_COMPENSATION_EXAMPLE/tb_ota_closed_loop/adexl/results/data/Interactive.35.rdb
	Results Dir  = /home/strogos/simulation/OTA_COMPENSATION_EXAMPLE/tb_ota_closed_loop/adexl/results/data/Interactive.35/1/OTA_COMPENSATION_EXAMPLE:tb_ota_closed_loop:DC
	Results Loc  = /home/strogos/simulation/OTA_COMPENSATION_EXAMPLE/tb_ota_closed_loop/adexl/results/data
	Project Dir  = /home/strogos/simulation
	Setup DB loc = /home/strogos/cadence/workspace/7814EFT-semester-project/eda/OTA_COMPENSATION_EXAMPLE/tb_ota_closed_loop/adexl
	File Encoding = 0


*Info*    Spectre controlMode is set "batch".






*Info*    Run start for Point ID (4 1) on testbench [
          OTA_COMPENSATION_EXAMPLE:tb_ota_closed_loop:DC ].

Resetting statistical vars

*Info*    Setting parameter values ...

Setting var I_bias = "20u"
Setting var cc = "299.2e-15"
Setting var cl = "1.36p"
Setting var rc = "4k"
Setting temp(T) = 27
Setting var vcm = "500m"
Setting var vdc_sweep = "1m"
Setting var vdd = "1"

*Info*    Netlist Directory =
          /home/strogos/simulation/OTA_COMPENSATION_EXAMPLE/tb_ota_closed_loop/adexl/results/data/Interactive.35/1/OTA_COMPENSATION_EXAMPLE:tb_ota_closed_loop:DC/netlist


*Info*    Data Directory    =
          /home/strogos/simulation/OTA_COMPENSATION_EXAMPLE/tb_ota_closed_loop/adexl/results/data/Interactive.35/1/OTA_COMPENSATION_EXAMPLE:tb_ota_closed_loop:DC


*Info*    Creating Netlist for Point ID (4 1)

generate netlist...
Begin Incremental Netlisting Nov 12 23:50:40 2015
End netlisting Nov 12 23:50:40 2015

Netlisting Statistics:
	Number of components:   10

	Elapsed time:          0.0s
Errors: 0	Warnings: 0
      ...successful.
compose simulator input file...
      ...successful.

*Info*    Running simulation on testbench [
          OTA_COMPENSATION_EXAMPLE:tb_ota_closed_loop:DC ] for Point
          ID (4 1).

Delete psf data in /home/strogos/simulation/OTA_COMPENSATION_EXAMPLE/tb_ota_closed_loop/adexl/results/data/Interactive.35/1/OTA_COMPENSATION_EXAMPLE:tb_ota_closed_loop:DC/psf.
compose simulator input file...
      ...successful.
start simulator if needed...
      ...successful.
simulate...
To view the simulator output, right-click on the test name, result 
name, or any value in the "Results" tab of the Outputs section and 
choose "Output Log" menu option.
INFO (ADE-3071): Simulation completed successfully.
reading simulation data...
      ...successful.
*Info*    Client has finished evaluating ... 

WARNING (OCN-6038): Results dcOpInfo are not available for /home/strogos/simulation/OTA_COMPENSATION_EXAMPLE/tb_ota_closed_loop/adexl/results/data/Interactive.35/1/OTA_COMPENSATION_EXAMPLE:tb_ota_closed_loop:DC. Use results() for a list of available results.
WARNING (OCN-6038): Results dcOpInfo are not available for /home/strogos/simulation/OTA_COMPENSATION_EXAMPLE/tb_ota_closed_loop/adexl/results/data/Interactive.35/1/OTA_COMPENSATION_EXAMPLE:tb_ota_closed_loop:DC/psf. Use results() for a list of available results.
WARNING (OCN-6043): Either you did not do openResults() and selectResults() before using this command,
        or the requested data is not in the file. Make sure your openResults() and selectResults()
        commands worked and type report() to see what is in the file. For more information, type
        ocnHelp() in the Command Interface Window (CIW).
WARNING (OCN-6038): Results dcOpInfo are not available for /home/strogos/simulation/OTA_COMPENSATION_EXAMPLE/tb_ota_closed_loop/adexl/results/data/Interactive.35/1/OTA_COMPENSATION_EXAMPLE:tb_ota_closed_loop:DC/psf. Use results() for a list of available results.
WARNING (OCN-6038): Results dcOpInfo are not available for /home/strogos/simulation/OTA_COMPENSATION_EXAMPLE/tb_ota_closed_loop/adexl/results/data/Interactive.35/1/OTA_COMPENSATION_EXAMPLE:tb_ota_closed_loop:DC/psf. Use results() for a list of available results.
WARNING (OCN-6043): Either you did not do openResults() and selectResults() before using this command,
        or the requested data is not in the file. Make sure your openResults() and selectResults()
        commands worked and type report() to see what is in the file. For more information, type
        ocnHelp() in the Command Interface Window (CIW).
ERROR (ADEXL-2708): Evaluation of output 'dc-m1b_gm_over_id' failed for point:'1' test:'OTA_COMPENSATION_EXAMPLE:tb_ota_closed_loop:DC'
	Expression:'(pv("ota.m1b" "gm" ?result "dcOpInfo") / pv("ota.m1b" "id" ?result "dcOpInfo"))'
	because of the following error(s)
	*Error* quotient: can't handle (nil / nil).
Ensure that the definition of output is correct.

WARNING (OCN-6038): Results dcOpInfo are not available for /home/strogos/simulation/OTA_COMPENSATION_EXAMPLE/tb_ota_closed_loop/adexl/results/data/Interactive.35/1/OTA_COMPENSATION_EXAMPLE:tb_ota_closed_loop:DC/psf. Use results() for a list of available results.
WARNING (OCN-6038): Results dcOpInfo are not available for /home/strogos/simulation/OTA_COMPENSATION_EXAMPLE/tb_ota_closed_loop/adexl/results/data/Interactive.35/1/OTA_COMPENSATION_EXAMPLE:tb_ota_closed_loop:DC/psf. Use results() for a list of available results.
WARNING (OCN-6043): Either you did not do openResults() and selectResults() before using this command,
        or the requested data is not in the file. Make sure your openResults() and selectResults()
        commands worked and type report() to see what is in the file. For more information, type
        ocnHelp() in the Command Interface Window (CIW).
WARNING (OCN-6038): Results dcOpInfo are not available for /home/strogos/simulation/OTA_COMPENSATION_EXAMPLE/tb_ota_closed_loop/adexl/results/data/Interactive.35/1/OTA_COMPENSATION_EXAMPLE:tb_ota_closed_loop:DC/psf. Use results() for a list of available results.
WARNING (OCN-6038): Results dcOpInfo are not available for /home/strogos/simulation/OTA_COMPENSATION_EXAMPLE/tb_ota_closed_loop/adexl/results/data/Interactive.35/1/OTA_COMPENSATION_EXAMPLE:tb_ota_closed_loop:DC/psf. Use results() for a list of available results.
WARNING (OCN-6043): Either you did not do openResults() and selectResults() before using this command,
        or the requested data is not in the file. Make sure your openResults() and selectResults()
        commands worked and type report() to see what is in the file. For more information, type
        ocnHelp() in the Command Interface Window (CIW).
ERROR (ADEXL-2708): Evaluation of output 'dc-mbp3_gm_over_id' failed for point:'1' test:'OTA_COMPENSATION_EXAMPLE:tb_ota_closed_loop:DC'
	Expression:'(pv("ota.mbp3" "gm" ?result "dcOpInfo") / pv("ota.mbp3" "id" ?result "dcOpInfo"))'
	because of the following error(s)
	*Error* quotient: can't handle (nil / nil).
Ensure that the definition of output is correct.

WARNING (OCN-6038): Results dcOpInfo are not available for /home/strogos/simulation/OTA_COMPENSATION_EXAMPLE/tb_ota_closed_loop/adexl/results/data/Interactive.35/1/OTA_COMPENSATION_EXAMPLE:tb_ota_closed_loop:DC/psf. Use results() for a list of available results.
WARNING (OCN-6038): Results dcOpInfo are not available for /home/strogos/simulation/OTA_COMPENSATION_EXAMPLE/tb_ota_closed_loop/adexl/results/data/Interactive.35/1/OTA_COMPENSATION_EXAMPLE:tb_ota_closed_loop:DC/psf. Use results() for a list of available results.
WARNING (OCN-6043): Either you did not do openResults() and selectResults() before using this command,
        or the requested data is not in the file. Make sure your openResults() and selectResults()
        commands worked and type report() to see what is in the file. For more information, type
        ocnHelp() in the Command Interface Window (CIW).
WARNING (OCN-6038): Results dcOpInfo are not available for /home/strogos/simulation/OTA_COMPENSATION_EXAMPLE/tb_ota_closed_loop/adexl/results/data/Interactive.35/1/OTA_COMPENSATION_EXAMPLE:tb_ota_closed_loop:DC/psf. Use results() for a list of available results.
WARNING (OCN-6038): Results dcOpInfo are not available for /home/strogos/simulation/OTA_COMPENSATION_EXAMPLE/tb_ota_closed_loop/adexl/results/data/Interactive.35/1/OTA_COMPENSATION_EXAMPLE:tb_ota_closed_loop:DC/psf. Use results() for a list of available results.
WARNING (OCN-6043): Either you did not do openResults() and selectResults() before using this command,
        or the requested data is not in the file. Make sure your openResults() and selectResults()
        commands worked and type report() to see what is in the file. For more information, type
        ocnHelp() in the Command Interface Window (CIW).
ERROR (ADEXL-2708): Evaluation of output 'dc-m2a_gm_over_id' failed for point:'1' test:'OTA_COMPENSATION_EXAMPLE:tb_ota_closed_loop:DC'
	Expression:'(pv("ota.m2a" "gm" ?result "dcOpInfo") / pv("ota.m2a" "id" ?result "dcOpInfo"))'
	because of the following error(s)
	*Error* quotient: can't handle (nil / nil).
Ensure that the definition of output is correct.

WARNING (OCN-6038): Results dcOpInfo are not available for /home/strogos/simulation/OTA_COMPENSATION_EXAMPLE/tb_ota_closed_loop/adexl/results/data/Interactive.35/1/OTA_COMPENSATION_EXAMPLE:tb_ota_closed_loop:DC/psf. Use results() for a list of available results.
WARNING (OCN-6038): Results dcOpInfo are not available for /home/strogos/simulation/OTA_COMPENSATION_EXAMPLE/tb_ota_closed_loop/adexl/results/data/Interactive.35/1/OTA_COMPENSATION_EXAMPLE:tb_ota_closed_loop:DC/psf. Use results() for a list of available results.
WARNING (OCN-6043): Either you did not do openResults() and selectResults() before using this command,
        or the requested data is not in the file. Make sure your openResults() and selectResults()
        commands worked and type report() to see what is in the file. For more information, type
        ocnHelp() in the Command Interface Window (CIW).
WARNING (OCN-6038): Results dcOpInfo are not available for /home/strogos/simulation/OTA_COMPENSATION_EXAMPLE/tb_ota_closed_loop/adexl/results/data/Interactive.35/1/OTA_COMPENSATION_EXAMPLE:tb_ota_closed_loop:DC/psf. Use results() for a list of available results.
WARNING (OCN-6038): Results dcOpInfo are not available for /home/strogos/simulation/OTA_COMPENSATION_EXAMPLE/tb_ota_closed_loop/adexl/results/data/Interactive.35/1/OTA_COMPENSATION_EXAMPLE:tb_ota_closed_loop:DC/psf. Use results() for a list of available results.
WARNING (OCN-6043): Either you did not do openResults() and selectResults() before using this command,
        or the requested data is not in the file. Make sure your openResults() and selectResults()
        commands worked and type report() to see what is in the file. For more information, type
        ocnHelp() in the Command Interface Window (CIW).
ERROR (ADEXL-2708): Evaluation of output 'dc-m3a_gm_over_id' failed for point:'1' test:'OTA_COMPENSATION_EXAMPLE:tb_ota_closed_loop:DC'
	Expression:'(pv("ota.m3a" "gm" ?result "dcOpInfo") / pv("ota.m3a" "id" ?result "dcOpInfo"))'
	because of the following error(s)
	*Error* quotient: can't handle (nil / nil).
Ensure that the definition of output is correct.

WARNING (OCN-6038): Results dcOpInfo are not available for /home/strogos/simulation/OTA_COMPENSATION_EXAMPLE/tb_ota_closed_loop/adexl/results/data/Interactive.35/1/OTA_COMPENSATION_EXAMPLE:tb_ota_closed_loop:DC/psf. Use results() for a list of available results.
WARNING (OCN-6038): Results dcOpInfo are not available for /home/strogos/simulation/OTA_COMPENSATION_EXAMPLE/tb_ota_closed_loop/adexl/results/data/Interactive.35/1/OTA_COMPENSATION_EXAMPLE:tb_ota_closed_loop:DC/psf. Use results() for a list of available results.
WARNING (OCN-6043): Either you did not do openResults() and selectResults() before using this command,
        or the requested data is not in the file. Make sure your openResults() and selectResults()
        commands worked and type report() to see what is in the file. For more information, type
        ocnHelp() in the Command Interface Window (CIW).
WARNING (OCN-6038): Results dcOpInfo are not available for /home/strogos/simulation/OTA_COMPENSATION_EXAMPLE/tb_ota_closed_loop/adexl/results/data/Interactive.35/1/OTA_COMPENSATION_EXAMPLE:tb_ota_closed_loop:DC/psf. Use results() for a list of available results.
WARNING (OCN-6038): Results dcOpInfo are not available for /home/strogos/simulation/OTA_COMPENSATION_EXAMPLE/tb_ota_closed_loop/adexl/results/data/Interactive.35/1/OTA_COMPENSATION_EXAMPLE:tb_ota_closed_loop:DC/psf. Use results() for a list of available results.
WARNING (OCN-6043): Either you did not do openResults() and selectResults() before using this command,
        or the requested data is not in the file. Make sure your openResults() and selectResults()
        commands worked and type report() to see what is in the file. For more information, type
        ocnHelp() in the Command Interface Window (CIW).
ERROR (ADEXL-2708): Evaluation of output 'dc-m2b_gm_over_id' failed for point:'1' test:'OTA_COMPENSATION_EXAMPLE:tb_ota_closed_loop:DC'
	Expression:'(pv("ota.m2b" "gm" ?result "dcOpInfo") / pv("ota.m2b" "id" ?result "dcOpInfo"))'
	because of the following error(s)
	*Error* quotient: can't handle (nil / nil).
Ensure that the definition of output is correct.

WARNING (OCN-6038): Results dcOpInfo are not available for /home/strogos/simulation/OTA_COMPENSATION_EXAMPLE/tb_ota_closed_loop/adexl/results/data/Interactive.35/1/OTA_COMPENSATION_EXAMPLE:tb_ota_closed_loop:DC/psf. Use results() for a list of available results.
WARNING (OCN-6038): Results dcOpInfo are not available for /home/strogos/simulation/OTA_COMPENSATION_EXAMPLE/tb_ota_closed_loop/adexl/results/data/Interactive.35/1/OTA_COMPENSATION_EXAMPLE:tb_ota_closed_loop:DC/psf. Use results() for a list of available results.
WARNING (OCN-6043): Either you did not do openResults() and selectResults() before using this command,
        or the requested data is not in the file. Make sure your openResults() and selectResults()
        commands worked and type report() to see what is in the file. For more information, type
        ocnHelp() in the Command Interface Window (CIW).
WARNING (OCN-6038): Results dcOpInfo are not available for /home/strogos/simulation/OTA_COMPENSATION_EXAMPLE/tb_ota_closed_loop/adexl/results/data/Interactive.35/1/OTA_COMPENSATION_EXAMPLE:tb_ota_closed_loop:DC/psf. Use results() for a list of available results.
WARNING (OCN-6038): Results dcOpInfo are not available for /home/strogos/simulation/OTA_COMPENSATION_EXAMPLE/tb_ota_closed_loop/adexl/results/data/Interactive.35/1/OTA_COMPENSATION_EXAMPLE:tb_ota_closed_loop:DC/psf. Use results() for a list of available results.
WARNING (OCN-6043): Either you did not do openResults() and selectResults() before using this command,
        or the requested data is not in the file. Make sure your openResults() and selectResults()
        commands worked and type report() to see what is in the file. For more information, type
        ocnHelp() in the Command Interface Window (CIW).
ERROR (ADEXL-2708): Evaluation of output 'dc-m1a_gm_over_id' failed for point:'1' test:'OTA_COMPENSATION_EXAMPLE:tb_ota_closed_loop:DC'
	Expression:'(pv("ota.m1a" "gm" ?result "dcOpInfo") / pv("ota.m1a" "id" ?result "dcOpInfo"))'
	because of the following error(s)
	*Error* quotient: can't handle (nil / nil).
Ensure that the definition of output is correct.


*Info*    Run complete for Point ID (4 1) on testbench [
          OTA_COMPENSATION_EXAMPLE:tb_ota_closed_loop:DC ].





Simulation design variables differ from those on the cellView,
they have been saved in the file "/tmp/saved-design-variables".
To save future changes, copy variables to cellView before exiting.
