Starting Single Run, Sweeps and Corners...

Current time: Wed Nov 18 02:21:52 2015 
Best design point: 1
Design specs: 
	tb_ota_closed_loop:DC	corner	Nominal - 
	dc-m1a_gm_over_id		-20.59
	dc-m1a_gm		185.2u
	dc-m2a_gm_over_id		11.62
	dc-m2b_gm_over_id		11.63
	dc-m1b_gm_over_id		-20.66
	dc-mbp3_gm_over_id		-7.174
	dc-m3a_gm_over_id		17.21
	dc-m3a_gm		515.4u
	dc-gm3a_over_gds		27.65
	dc-gm1b_over_gds		273.7
	diff-stage-gain		37.16
	common-source.stage-gain		27.77
	total-gain-dB		64.93	Yes
	dc-POWER-DISSIPIATION		47.84u	
	calc-slew-rate-volt-per-sec		-8.664n	
	Ron-mrc		10.18k
Design parameters: 
	cl		200f
	rc		8.7k
	cc		155f
	vdd		1
	vcm		600m
	vdc_sweep		0
	I_bias		20u
	vin_sig		250m
	voff		140m
	vrc_bias		0

Interactive.748
Number of points completed: 1
Number of simulation errors: 0
Interactive.748 completed. 
Current time: Wed Nov 18 02:21:55 2015 
