Starting Single Run, Sweeps and Corners...

Current time: Wed Nov 18 02:23:09 2015 
Best design point: 1
Design specs: 
	tb_ota_closed_loop:DC	corner	Nominal - 
	dc-m1a_gm_over_id		-16.18
	dc-m1a_gm		136u
	dc-m2a_gm_over_id		11.98
	dc-m2b_gm_over_id		12
	dc-m1b_gm_over_id		-16.24
	dc-mbp3_gm_over_id		-7.174
	dc-m3a_gm_over_id		17.21
	dc-m3a_gm		515.4u
	dc-gm3a_over_gds		27.65
	dc-gm1b_over_gds		560.8
	diff-stage-gain		36.6
	common-source.stage-gain		27.77
	total-gain-dB		64.37	Yes
	dc-POWER-DISSIPIATION		46.68u	
	calc-slew-rate-volt-per-sec		-9.266n	
	Ron-mrc		8.15k
Design parameters: 
	cl		200f
	rc		8.7k
	cc		155f
	vdd		1
	vcm		600m
	vdc_sweep		0
	I_bias		20u
	vin_sig		250m
	voff		140m
	vrc_bias		0

Interactive.750
Number of points completed: 1
Number of simulation errors: 0
Interactive.750 completed. 
Current time: Wed Nov 18 02:23:13 2015 
