Starting Single Run, Sweeps and Corners...

Current time: Thu Nov 12 23:15:01 2015 
Best design point: 1
Design specs: 
	OTA_COMPENSATION_EXAMPLE:tb_ota_closed_loop:1	corner	Nominal - 
	stb-phase-margin		36.12
	stb-unity-gain-freq		34.3M
	OTA_COMPENSATION_EXAMPLE:tb_ota_ac:1	corner	Nominal - 
	OTA_COMPENSATION_EXAMPLE:tb_ota_tran:1	corner	Nominal - 
	OTA_COMPENSATION_EXAMPLE:tb_ota_closed_loop:DC	corner	Nominal - 
	dc-m1a_gm_over_id		-12.73
	dc-m2a_gm_over_id		11.76
	dc-m2b_gm_over_id		11.76
	dc-m1b_gm_over_id		-12.72
	dc-mbp3_gm_over_id		-10.32
	dc-m3a_gm_over_id		11.34
Design parameters: 
	cl		1.36p
	rc		4k
	cc		299.2f
	vdd		1
	vcm		500m
	vdc_sweep		1m
	I_bias		20u

Interactive.29
Number of points completed: 1
Number of simulation errors: 0
Interactive.29 completed. 
Current time: Thu Nov 12 23:15:05 2015 
